build/app/intermediates/manifest_merge_blame_file/debug/manifest-merger-blame-debug-report.txt
1<?xml version="1.0" encoding="utf-8"?>
2<manifest xmlns:android="http://schemas.android.com/apk/res/android"
3    package="com.example.busniess_card_app"
4    android:versionCode="1"
5    android:versionName="1.0.0" >
6
7    <uses-sdk
8        android:minSdkVersion="19"
9        android:targetSdkVersion="33" />
10    <!--
11         The INTERNET permission is required for development. Specifically,
12         the Flutter tool needs it to communicate with the running application
13         to allow setting breakpoints, to provide hot reload, etc.
14    -->
15    <uses-permission android:name="android.permission.INTERNET" />
15-->src\debug\AndroidManifest.xml:6:5-66
15-->src\debug\AndroidManifest.xml:6:22-64
16    <uses-permission android:name="android.permission.CALL_PHONE" />
16-->src\main\AndroidManifest.xml:2:5-69
16-->src\main\AndroidManifest.xml:2:22-66
17
18    <queries>
18-->src\main\AndroidManifest.xml:3:5-14:15
19        <intent>
19-->src\main\AndroidManifest.xml:4:5-8:14
20            <action android:name="android.intent.action.VIEW" />
20-->src\main\AndroidManifest.xml:5:9-60
20-->src\main\AndroidManifest.xml:5:17-58
21
22            <data android:scheme="tel" />
22-->src\main\AndroidManifest.xml:6:9-37
22-->src\main\AndroidManifest.xml:6:15-35
23        </intent>
24        <intent>
24-->src\main\AndroidManifest.xml:9:5-13:14
25            <action android:name="android.intent.action.VIEW" />
25-->src\main\AndroidManifest.xml:5:9-60
25-->src\main\AndroidManifest.xml:5:17-58
26
27            <data android:scheme="mailto" />
27-->src\main\AndroidManifest.xml:6:9-37
27-->src\main\AndroidManifest.xml:6:15-35
28        </intent>
29    </queries>
30
31    <application
32        android:name="android.app.Application"
33        android:appComponentFactory="androidx.core.app.CoreComponentFactory"
33-->[androidx.core:core:1.6.0] AndroidManifest.xml:24:18-86
34        android:debuggable="true"
35        android:icon="@mipmap/ic_launcher"
36        android:label="busniess_card_app" >
37        <activity
38            android:name="com.example.busniess_card_app.MainActivity"
39            android:configChanges="orientation|keyboardHidden|keyboard|screenSize|smallestScreenSize|locale|layoutDirection|fontScale|screenLayout|density|uiMode"
40            android:exported="true"
41            android:hardwareAccelerated="true"
42            android:launchMode="singleTop"
43            android:theme="@style/LaunchTheme"
44            android:windowSoftInputMode="adjustResize" >
45
46            <!--
47                 Specifies an Android theme to apply to this Activity as soon as
48                 the Android process has started. This theme is visible to the user
49                 while the Flutter UI initializes. After that, this theme continues
50                 to determine the Window background behind the Flutter UI.
51            -->
52            <meta-data
53                android:name="io.flutter.embedding.android.NormalTheme"
54                android:resource="@style/NormalTheme" />
55
56            <intent-filter>
57                <action android:name="android.intent.action.MAIN" />
58
59                <category android:name="android.intent.category.LAUNCHER" />
60            </intent-filter>
61
62            <!-- Add this intent filter for dialing a number -->
63
64        </activity>
65        <!--
66             Don't delete the meta-data below.
67             This is used by the Flutter tool to generate GeneratedPluginRegistrant.java
68        -->
69        <meta-data
70            android:name="flutterEmbedding"
71            android:value="2" />
72
73        <activity
73-->[:url_launcher_android] AndroidManifest.xml:10:9-13:74
74            android:name="io.flutter.plugins.urllauncher.WebViewActivity"
74-->[:url_launcher_android] AndroidManifest.xml:11:13-74
75            android:exported="false"
75-->[:url_launcher_android] AndroidManifest.xml:12:13-37
76            android:theme="@android:style/Theme.NoTitleBar.Fullscreen" />
76-->[:url_launcher_android] AndroidManifest.xml:13:13-71
77
78        <uses-library
78-->[androidx.window:window:1.0.0-beta04] AndroidManifest.xml:25:9-27:40
79            android:name="androidx.window.extensions"
79-->[androidx.window:window:1.0.0-beta04] AndroidManifest.xml:26:13-54
80            android:required="false" />
80-->[androidx.window:window:1.0.0-beta04] AndroidManifest.xml:27:13-37
81        <uses-library
81-->[androidx.window:window:1.0.0-beta04] AndroidManifest.xml:28:9-30:40
82            android:name="androidx.window.sidecar"
82-->[androidx.window:window:1.0.0-beta04] AndroidManifest.xml:29:13-51
83            android:required="false" />
83-->[androidx.window:window:1.0.0-beta04] AndroidManifest.xml:30:13-37
84    </application>
85
86</manifest>